2022-07-25 09:27:56,919  INFO [main] ibibopage:267 - Start and/or Return Date selected
2022-07-25 09:27:57,213  INFO [main] ibibopage:283 - Passenger and class selected
2022-07-25 09:27:58,421  INFO [main] ibibopage:252 - Search Flight Button is clicked
2022-07-25 09:28:53,936  INFO [main] ibibopage:267 - Start and/or Return Date selected
2022-07-25 09:28:54,719  INFO [main] ibibopage:283 - Passenger and class selected
2022-07-25 09:28:56,023  INFO [main] ibibopage:252 - Search Flight Button is clicked
2022-07-25 09:29:46,090 DEBUG [main] cache:45 - Couldn't find template in cache for "Extent.ftl"("en_US", UTF-8, parsed); will try to load it.
2022-07-25 09:29:46,092 DEBUG [main] cache:45 - TemplateLoader.findTemplateSource("Extent_en_US.ftl"): Not found
2022-07-25 09:29:46,094 DEBUG [main] cache:45 - TemplateLoader.findTemplateSource("Extent_en.ftl"): Not found
2022-07-25 09:29:46,095 DEBUG [main] cache:45 - TemplateLoader.findTemplateSource("Extent.ftl"): Found
2022-07-25 09:29:46,095 DEBUG [main] cache:45 - Loading template for "Extent.ftl"("en_US", UTF-8, parsed) from "jar:file:/C:/Users/anilc/.m2/repository/com/relevantcodes/extentreports/2.41.2/extentreports-2.41.2.jar!/com/relevantcodes/extentreports/view/Extent.ftl"
2022-07-25 09:44:18,511 DEBUG [main] cache:45 - Couldn't find template in cache for "Extent.ftl"("en_US", UTF-8, parsed); will try to load it.
2022-07-25 09:44:18,519 DEBUG [main] cache:45 - TemplateLoader.findTemplateSource("Extent_en_US.ftl"): Not found
2022-07-25 09:44:18,523 DEBUG [main] cache:45 - TemplateLoader.findTemplateSource("Extent_en.ftl"): Not found
2022-07-25 09:44:18,526 DEBUG [main] cache:45 - TemplateLoader.findTemplateSource("Extent.ftl"): Found
2022-07-25 09:44:18,528 DEBUG [main] cache:45 - Loading template for "Extent.ftl"("en_US", UTF-8, parsed) from "jar:file:/C:/Users/anilc/.m2/repository/com/relevantcodes/extentreports/2.41.2/extentreports-2.41.2.jar!/com/relevantcodes/extentreports/view/Extent.ftl"
2022-07-25 09:44:41,889 DEBUG [main] cache:45 - Couldn't find template in cache for "Extent.ftl"("en_US", UTF-8, parsed); will try to load it.
2022-07-25 09:44:41,890 DEBUG [main] cache:45 - TemplateLoader.findTemplateSource("Extent_en_US.ftl"): Not found
2022-07-25 09:44:41,891 DEBUG [main] cache:45 - TemplateLoader.findTemplateSource("Extent_en.ftl"): Not found
2022-07-25 09:44:41,892 DEBUG [main] cache:45 - TemplateLoader.findTemplateSource("Extent.ftl"): Found
2022-07-25 09:44:41,893 DEBUG [main] cache:45 - Loading template for "Extent.ftl"("en_US", UTF-8, parsed) from "jar:file:/C:/Users/anilc/.m2/repository/com/relevantcodes/extentreports/2.41.2/extentreports-2.41.2.jar!/com/relevantcodes/extentreports/view/Extent.ftl"
2022-07-25 09:44:59,042 DEBUG [main] cache:45 - Couldn't find template in cache for "Extent.ftl"("en_US", UTF-8, parsed); will try to load it.
2022-07-25 09:44:59,051 DEBUG [main] cache:45 - TemplateLoader.findTemplateSource("Extent_en_US.ftl"): Not found
2022-07-25 09:44:59,053 DEBUG [main] cache:45 - TemplateLoader.findTemplateSource("Extent_en.ftl"): Not found
2022-07-25 09:44:59,054 DEBUG [main] cache:45 - TemplateLoader.findTemplateSource("Extent.ftl"): Found
2022-07-25 09:44:59,054 DEBUG [main] cache:45 - Loading template for "Extent.ftl"("en_US", UTF-8, parsed) from "jar:file:/C:/Users/anilc/.m2/repository/com/relevantcodes/extentreports/2.41.2/extentreports-2.41.2.jar!/com/relevantcodes/extentreports/view/Extent.ftl"
2022-07-25 10:38:49,291  INFO [main] ibibopage:267 - Start and/or Return Date selected
2022-07-25 10:38:49,730  INFO [main] ibibopage:283 - Passenger and class selected
2022-07-25 10:38:51,177  INFO [main] ibibopage:252 - Search Flight Button is clicked
2022-07-25 10:39:41,511 DEBUG [main] cache:45 - Couldn't find template in cache for "Extent.ftl"("en_US", UTF-8, parsed); will try to load it.
2022-07-25 10:39:41,512 DEBUG [main] cache:45 - TemplateLoader.findTemplateSource("Extent_en_US.ftl"): Not found
2022-07-25 10:39:41,515 DEBUG [main] cache:45 - TemplateLoader.findTemplateSource("Extent_en.ftl"): Not found
2022-07-25 10:39:41,516 DEBUG [main] cache:45 - TemplateLoader.findTemplateSource("Extent.ftl"): Found
2022-07-25 10:39:41,516 DEBUG [main] cache:45 - Loading template for "Extent.ftl"("en_US", UTF-8, parsed) from "jar:file:/C:/Users/anilc/.m2/repository/com/relevantcodes/extentreports/2.41.2/extentreports-2.41.2.jar!/com/relevantcodes/extentreports/view/Extent.ftl"
2022-07-25 10:39:47,068  INFO [main] ibibopage:267 - Start and/or Return Date selected
2022-07-25 10:39:47,440  INFO [main] ibibopage:283 - Passenger and class selected
2022-07-25 10:39:48,643  INFO [main] ibibopage:252 - Search Flight Button is clicked
2022-07-25 10:40:38,961 DEBUG [main] cache:45 - Couldn't find template in cache for "Extent.ftl"("en_US", UTF-8, parsed); will try to load it.
2022-07-25 10:40:38,961 DEBUG [main] cache:45 - TemplateLoader.findTemplateSource("Extent_en_US.ftl"): Not found
2022-07-25 10:40:38,962 DEBUG [main] cache:45 - TemplateLoader.findTemplateSource("Extent_en.ftl"): Not found
2022-07-25 10:40:38,964 DEBUG [main] cache:45 - TemplateLoader.findTemplateSource("Extent.ftl"): Found
2022-07-25 10:40:38,964 DEBUG [main] cache:45 - Loading template for "Extent.ftl"("en_US", UTF-8, parsed) from "jar:file:/C:/Users/anilc/.m2/repository/com/relevantcodes/extentreports/2.41.2/extentreports-2.41.2.jar!/com/relevantcodes/extentreports/view/Extent.ftl"
2022-07-25 10:40:44,506  INFO [main] ibibopage:267 - Start and/or Return Date selected
2022-07-25 10:40:45,446  INFO [main] ibibopage:283 - Passenger and class selected
2022-07-25 10:40:46,664  INFO [main] ibibopage:252 - Search Flight Button is clicked
2022-07-25 10:41:36,968 DEBUG [main] cache:45 - Couldn't find template in cache for "Extent.ftl"("en_US", UTF-8, parsed); will try to load it.
2022-07-25 10:41:36,968 DEBUG [main] cache:45 - TemplateLoader.findTemplateSource("Extent_en_US.ftl"): Not found
2022-07-25 10:41:36,969 DEBUG [main] cache:45 - TemplateLoader.findTemplateSource("Extent_en.ftl"): Not found
2022-07-25 10:41:36,969 DEBUG [main] cache:45 - TemplateLoader.findTemplateSource("Extent.ftl"): Found
2022-07-25 10:41:36,970 DEBUG [main] cache:45 - Loading template for "Extent.ftl"("en_US", UTF-8, parsed) from "jar:file:/C:/Users/anilc/.m2/repository/com/relevantcodes/extentreports/2.41.2/extentreports-2.41.2.jar!/com/relevantcodes/extentreports/view/Extent.ftl"
2022-07-26 22:41:50,633  INFO [main] ibibopage:270 - Start and/or Return Date selected
2022-07-26 22:41:50,862  INFO [main] ibibopage:286 - Passenger and class selected
2022-07-26 22:41:51,971  INFO [main] ibibopage:255 - Search Flight Button is clicked
2022-07-26 22:42:42,329 DEBUG [main] cache:45 - Couldn't find template in cache for "Extent.ftl"("en_US", UTF-8, parsed); will try to load it.
2022-07-26 22:42:42,331 DEBUG [main] cache:45 - TemplateLoader.findTemplateSource("Extent_en_US.ftl"): Not found
2022-07-26 22:42:42,333 DEBUG [main] cache:45 - TemplateLoader.findTemplateSource("Extent_en.ftl"): Not found
2022-07-26 22:42:42,334 DEBUG [main] cache:45 - TemplateLoader.findTemplateSource("Extent.ftl"): Found
2022-07-26 22:42:42,334 DEBUG [main] cache:45 - Loading template for "Extent.ftl"("en_US", UTF-8, parsed) from "jar:file:/C:/Users/anilc/.m2/repository/com/relevantcodes/extentreports/2.41.2/extentreports-2.41.2.jar!/com/relevantcodes/extentreports/view/Extent.ftl"
2022-07-26 22:42:48,237  INFO [main] ibibopage:270 - Start and/or Return Date selected
2022-07-26 22:42:48,649  INFO [main] ibibopage:286 - Passenger and class selected
2022-07-26 22:42:49,936  INFO [main] ibibopage:255 - Search Flight Button is clicked
2022-07-26 22:43:40,277 DEBUG [main] cache:45 - Couldn't find template in cache for "Extent.ftl"("en_US", UTF-8, parsed); will try to load it.
2022-07-26 22:43:40,278 DEBUG [main] cache:45 - TemplateLoader.findTemplateSource("Extent_en_US.ftl"): Not found
2022-07-26 22:43:40,278 DEBUG [main] cache:45 - TemplateLoader.findTemplateSource("Extent_en.ftl"): Not found
2022-07-26 22:43:40,278 DEBUG [main] cache:45 - TemplateLoader.findTemplateSource("Extent.ftl"): Found
2022-07-26 22:43:40,278 DEBUG [main] cache:45 - Loading template for "Extent.ftl"("en_US", UTF-8, parsed) from "jar:file:/C:/Users/anilc/.m2/repository/com/relevantcodes/extentreports/2.41.2/extentreports-2.41.2.jar!/com/relevantcodes/extentreports/view/Extent.ftl"
2022-07-26 22:43:45,014  INFO [main] ibibopage:270 - Start and/or Return Date selected
2022-07-26 22:43:45,599  INFO [main] ibibopage:286 - Passenger and class selected
2022-07-26 22:43:46,576  INFO [main] ibibopage:255 - Search Flight Button is clicked
2022-07-26 22:46:21,028  INFO [main] ibibopage:270 - Start and/or Return Date selected
2022-07-26 22:46:21,429  INFO [main] ibibopage:286 - Passenger and class selected
2022-07-26 22:46:22,652  INFO [main] ibibopage:255 - Search Flight Button is clicked
2022-07-26 22:47:12,998 DEBUG [main] cache:45 - Couldn't find template in cache for "Extent.ftl"("en_US", UTF-8, parsed); will try to load it.
2022-07-26 22:47:12,999 DEBUG [main] cache:45 - TemplateLoader.findTemplateSource("Extent_en_US.ftl"): Not found
2022-07-26 22:47:13,000 DEBUG [main] cache:45 - TemplateLoader.findTemplateSource("Extent_en.ftl"): Not found
2022-07-26 22:47:13,001 DEBUG [main] cache:45 - TemplateLoader.findTemplateSource("Extent.ftl"): Found
2022-07-26 22:47:13,001 DEBUG [main] cache:45 - Loading template for "Extent.ftl"("en_US", UTF-8, parsed) from "jar:file:/C:/Users/anilc/.m2/repository/com/relevantcodes/extentreports/2.41.2/extentreports-2.41.2.jar!/com/relevantcodes/extentreports/view/Extent.ftl"
2022-07-26 22:47:18,763  INFO [main] ibibopage:270 - Start and/or Return Date selected
2022-07-26 22:47:19,192  INFO [main] ibibopage:286 - Passenger and class selected
2022-07-26 22:47:20,445  INFO [main] ibibopage:255 - Search Flight Button is clicked
2022-07-26 22:48:10,760 DEBUG [main] cache:45 - Couldn't find template in cache for "Extent.ftl"("en_US", UTF-8, parsed); will try to load it.
2022-07-26 22:48:10,760 DEBUG [main] cache:45 - TemplateLoader.findTemplateSource("Extent_en_US.ftl"): Not found
2022-07-26 22:48:10,760 DEBUG [main] cache:45 - TemplateLoader.findTemplateSource("Extent_en.ftl"): Not found
2022-07-26 22:48:10,760 DEBUG [main] cache:45 - TemplateLoader.findTemplateSource("Extent.ftl"): Found
2022-07-26 22:48:10,760 DEBUG [main] cache:45 - Loading template for "Extent.ftl"("en_US", UTF-8, parsed) from "jar:file:/C:/Users/anilc/.m2/repository/com/relevantcodes/extentreports/2.41.2/extentreports-2.41.2.jar!/com/relevantcodes/extentreports/view/Extent.ftl"
2022-07-26 22:48:16,243  INFO [main] ibibopage:270 - Start and/or Return Date selected
2022-07-26 22:48:16,990  INFO [main] ibibopage:286 - Passenger and class selected
2022-07-26 22:48:18,244  INFO [main] ibibopage:255 - Search Flight Button is clicked
2022-07-26 22:49:08,597 DEBUG [main] cache:45 - Couldn't find template in cache for "Extent.ftl"("en_US", UTF-8, parsed); will try to load it.
2022-07-26 22:49:08,598 DEBUG [main] cache:45 - TemplateLoader.findTemplateSource("Extent_en_US.ftl"): Not found
2022-07-26 22:49:08,598 DEBUG [main] cache:45 - TemplateLoader.findTemplateSource("Extent_en.ftl"): Not found
2022-07-26 22:49:08,599 DEBUG [main] cache:45 - TemplateLoader.findTemplateSource("Extent.ftl"): Found
2022-07-26 22:49:08,599 DEBUG [main] cache:45 - Loading template for "Extent.ftl"("en_US", UTF-8, parsed) from "jar:file:/C:/Users/anilc/.m2/repository/com/relevantcodes/extentreports/2.41.2/extentreports-2.41.2.jar!/com/relevantcodes/extentreports/view/Extent.ftl"
2022-07-26 22:57:53,128  INFO [main] ibibopage:270 - Start and/or Return Date selected
2022-07-26 22:57:53,560  INFO [main] ibibopage:286 - Passenger and class selected
2022-07-26 22:57:54,885  INFO [main] ibibopage:255 - Search Flight Button is clicked
2022-07-26 22:58:45,295 DEBUG [main] cache:45 - Couldn't find template in cache for "Extent.ftl"("en_US", UTF-8, parsed); will try to load it.
2022-07-26 22:58:45,297 DEBUG [main] cache:45 - TemplateLoader.findTemplateSource("Extent_en_US.ftl"): Not found
2022-07-26 22:58:45,298 DEBUG [main] cache:45 - TemplateLoader.findTemplateSource("Extent_en.ftl"): Not found
2022-07-26 22:58:45,300 DEBUG [main] cache:45 - TemplateLoader.findTemplateSource("Extent.ftl"): Found
2022-07-26 22:58:45,301 DEBUG [main] cache:45 - Loading template for "Extent.ftl"("en_US", UTF-8, parsed) from "jar:file:/C:/Users/anilc/.m2/repository/com/relevantcodes/extentreports/2.41.2/extentreports-2.41.2.jar!/com/relevantcodes/extentreports/view/Extent.ftl"
2022-07-26 22:58:50,709  INFO [main] ibibopage:270 - Start and/or Return Date selected
2022-07-26 22:58:51,021  INFO [main] ibibopage:286 - Passenger and class selected
2022-07-26 22:58:52,387  INFO [main] ibibopage:255 - Search Flight Button is clicked
2022-07-26 22:59:46,648 DEBUG [main] cache:45 - Couldn't find template in cache for "Extent.ftl"("en_US", UTF-8, parsed); will try to load it.
2022-07-26 22:59:46,648 DEBUG [main] cache:45 - TemplateLoader.findTemplateSource("Extent_en_US.ftl"): Not found
2022-07-26 22:59:46,649 DEBUG [main] cache:45 - TemplateLoader.findTemplateSource("Extent_en.ftl"): Not found
2022-07-26 22:59:46,649 DEBUG [main] cache:45 - TemplateLoader.findTemplateSource("Extent.ftl"): Found
2022-07-26 22:59:46,649 DEBUG [main] cache:45 - Loading template for "Extent.ftl"("en_US", UTF-8, parsed) from "jar:file:/C:/Users/anilc/.m2/repository/com/relevantcodes/extentreports/2.41.2/extentreports-2.41.2.jar!/com/relevantcodes/extentreports/view/Extent.ftl"
2022-07-26 22:59:52,700  INFO [main] ibibopage:270 - Start and/or Return Date selected
2022-07-26 22:59:53,954  INFO [main] ibibopage:286 - Passenger and class selected
2022-07-26 22:59:55,273  INFO [main] ibibopage:255 - Search Flight Button is clicked
2022-07-26 23:00:45,715 DEBUG [main] cache:45 - Couldn't find template in cache for "Extent.ftl"("en_US", UTF-8, parsed); will try to load it.
2022-07-26 23:00:45,717 DEBUG [main] cache:45 - TemplateLoader.findTemplateSource("Extent_en_US.ftl"): Not found
2022-07-26 23:00:45,718 DEBUG [main] cache:45 - TemplateLoader.findTemplateSource("Extent_en.ftl"): Not found
2022-07-26 23:00:45,719 DEBUG [main] cache:45 - TemplateLoader.findTemplateSource("Extent.ftl"): Found
2022-07-26 23:00:45,720 DEBUG [main] cache:45 - Loading template for "Extent.ftl"("en_US", UTF-8, parsed) from "jar:file:/C:/Users/anilc/.m2/repository/com/relevantcodes/extentreports/2.41.2/extentreports-2.41.2.jar!/com/relevantcodes/extentreports/view/Extent.ftl"
2022-07-26 23:14:47,832  INFO [main] ibibopage:270 - Start and/or Return Date selected
2022-07-26 23:14:48,204  INFO [main] ibibopage:286 - Passenger and class selected
2022-07-26 23:14:49,466  INFO [main] ibibopage:255 - Search Flight Button is clicked
2022-07-26 23:14:55,812 DEBUG [main] cache:45 - Couldn't find template in cache for "Extent.ftl"("en_US", UTF-8, parsed); will try to load it.
2022-07-26 23:14:55,814 DEBUG [main] cache:45 - TemplateLoader.findTemplateSource("Extent_en_US.ftl"): Not found
2022-07-26 23:14:55,816 DEBUG [main] cache:45 - TemplateLoader.findTemplateSource("Extent_en.ftl"): Not found
2022-07-26 23:14:55,820 DEBUG [main] cache:45 - TemplateLoader.findTemplateSource("Extent.ftl"): Found
2022-07-26 23:14:55,820 DEBUG [main] cache:45 - Loading template for "Extent.ftl"("en_US", UTF-8, parsed) from "jar:file:/C:/Users/anilc/.m2/repository/com/relevantcodes/extentreports/2.41.2/extentreports-2.41.2.jar!/com/relevantcodes/extentreports/view/Extent.ftl"
2022-07-26 23:15:01,622  INFO [main] ibibopage:270 - Start and/or Return Date selected
2022-07-26 23:15:02,054  INFO [main] ibibopage:286 - Passenger and class selected
2022-07-26 23:15:03,803  INFO [main] ibibopage:255 - Search Flight Button is clicked
2022-07-26 23:15:13,080 DEBUG [main] cache:45 - Couldn't find template in cache for "Extent.ftl"("en_US", UTF-8, parsed); will try to load it.
2022-07-26 23:15:13,080 DEBUG [main] cache:45 - TemplateLoader.findTemplateSource("Extent_en_US.ftl"): Not found
2022-07-26 23:15:13,081 DEBUG [main] cache:45 - TemplateLoader.findTemplateSource("Extent_en.ftl"): Not found
2022-07-26 23:15:13,082 DEBUG [main] cache:45 - TemplateLoader.findTemplateSource("Extent.ftl"): Found
2022-07-26 23:15:13,083 DEBUG [main] cache:45 - Loading template for "Extent.ftl"("en_US", UTF-8, parsed) from "jar:file:/C:/Users/anilc/.m2/repository/com/relevantcodes/extentreports/2.41.2/extentreports-2.41.2.jar!/com/relevantcodes/extentreports/view/Extent.ftl"
2022-07-26 23:15:19,363  INFO [main] ibibopage:270 - Start and/or Return Date selected
2022-07-26 23:15:20,698  INFO [main] ibibopage:286 - Passenger and class selected
2022-07-26 23:15:21,847  INFO [main] ibibopage:255 - Search Flight Button is clicked
2022-07-26 23:15:27,997 DEBUG [main] cache:45 - Couldn't find template in cache for "Extent.ftl"("en_US", UTF-8, parsed); will try to load it.
2022-07-26 23:15:27,998 DEBUG [main] cache:45 - TemplateLoader.findTemplateSource("Extent_en_US.ftl"): Not found
2022-07-26 23:15:28,000 DEBUG [main] cache:45 - TemplateLoader.findTemplateSource("Extent_en.ftl"): Not found
2022-07-26 23:15:28,001 DEBUG [main] cache:45 - TemplateLoader.findTemplateSource("Extent.ftl"): Found
2022-07-26 23:15:28,001 DEBUG [main] cache:45 - Loading template for "Extent.ftl"("en_US", UTF-8, parsed) from "jar:file:/C:/Users/anilc/.m2/repository/com/relevantcodes/extentreports/2.41.2/extentreports-2.41.2.jar!/com/relevantcodes/extentreports/view/Extent.ftl"
2022-07-27 00:34:59,414  INFO [main] ibibopage:274 - Start and/or Return Date selected
2022-07-27 00:34:59,860  INFO [main] ibibopage:290 - Passenger and class selected
2022-07-27 00:35:01,073  INFO [main] ibibopage:259 - Search Flight Button is clicked
2022-07-27 00:35:10,442 DEBUG [main] cache:45 - Couldn't find template in cache for "Extent.ftl"("en_US", UTF-8, parsed); will try to load it.
2022-07-27 00:35:10,444 DEBUG [main] cache:45 - TemplateLoader.findTemplateSource("Extent_en_US.ftl"): Not found
2022-07-27 00:35:10,446 DEBUG [main] cache:45 - TemplateLoader.findTemplateSource("Extent_en.ftl"): Not found
2022-07-27 00:35:10,447 DEBUG [main] cache:45 - TemplateLoader.findTemplateSource("Extent.ftl"): Found
2022-07-27 00:35:10,449 DEBUG [main] cache:45 - Loading template for "Extent.ftl"("en_US", UTF-8, parsed) from "jar:file:/C:/Users/anilc/.m2/repository/com/relevantcodes/extentreports/2.41.2/extentreports-2.41.2.jar!/com/relevantcodes/extentreports/view/Extent.ftl"
2022-07-27 00:35:15,798  INFO [main] ibibopage:274 - Start and/or Return Date selected
2022-07-27 00:35:16,152  INFO [main] ibibopage:290 - Passenger and class selected
2022-07-27 00:35:17,395  INFO [main] ibibopage:259 - Search Flight Button is clicked
2022-07-27 00:35:23,541 DEBUG [main] cache:45 - Couldn't find template in cache for "Extent.ftl"("en_US", UTF-8, parsed); will try to load it.
2022-07-27 00:35:23,542 DEBUG [main] cache:45 - TemplateLoader.findTemplateSource("Extent_en_US.ftl"): Not found
2022-07-27 00:35:23,544 DEBUG [main] cache:45 - TemplateLoader.findTemplateSource("Extent_en.ftl"): Not found
2022-07-27 00:35:23,545 DEBUG [main] cache:45 - TemplateLoader.findTemplateSource("Extent.ftl"): Found
2022-07-27 00:35:23,546 DEBUG [main] cache:45 - Loading template for "Extent.ftl"("en_US", UTF-8, parsed) from "jar:file:/C:/Users/anilc/.m2/repository/com/relevantcodes/extentreports/2.41.2/extentreports-2.41.2.jar!/com/relevantcodes/extentreports/view/Extent.ftl"
2022-07-27 00:35:28,414  INFO [main] ibibopage:274 - Start and/or Return Date selected
2022-07-27 00:35:29,213  INFO [main] ibibopage:290 - Passenger and class selected
2022-07-27 00:35:30,447  INFO [main] ibibopage:259 - Search Flight Button is clicked
2022-07-27 00:35:36,494 DEBUG [main] cache:45 - Couldn't find template in cache for "Extent.ftl"("en_US", UTF-8, parsed); will try to load it.
2022-07-27 00:35:36,494 DEBUG [main] cache:45 - TemplateLoader.findTemplateSource("Extent_en_US.ftl"): Not found
2022-07-27 00:35:36,495 DEBUG [main] cache:45 - TemplateLoader.findTemplateSource("Extent_en.ftl"): Not found
2022-07-27 00:35:36,495 DEBUG [main] cache:45 - TemplateLoader.findTemplateSource("Extent.ftl"): Found
2022-07-27 00:35:36,496 DEBUG [main] cache:45 - Loading template for "Extent.ftl"("en_US", UTF-8, parsed) from "jar:file:/C:/Users/anilc/.m2/repository/com/relevantcodes/extentreports/2.41.2/extentreports-2.41.2.jar!/com/relevantcodes/extentreports/view/Extent.ftl"
2022-07-27 00:35:41,983 DEBUG [main] cache:45 - Couldn't find template in cache for "Extent.ftl"("en_US", UTF-8, parsed); will try to load it.
2022-07-27 00:35:41,984 DEBUG [main] cache:45 - TemplateLoader.findTemplateSource("Extent_en_US.ftl"): Not found
2022-07-27 00:35:41,985 DEBUG [main] cache:45 - TemplateLoader.findTemplateSource("Extent_en.ftl"): Not found
2022-07-27 00:35:41,985 DEBUG [main] cache:45 - TemplateLoader.findTemplateSource("Extent.ftl"): Found
2022-07-27 00:35:41,985 DEBUG [main] cache:45 - Loading template for "Extent.ftl"("en_US", UTF-8, parsed) from "jar:file:/C:/Users/anilc/.m2/repository/com/relevantcodes/extentreports/2.41.2/extentreports-2.41.2.jar!/com/relevantcodes/extentreports/view/Extent.ftl"
2022-07-27 00:47:43,283  INFO [main] ibibopage:277 - Start and/or Return Date selected
2022-07-27 00:47:43,744  INFO [main] ibibopage:293 - Passenger and class selected
2022-07-27 00:47:45,040  INFO [main] ibibopage:262 - Search Flight Button is clicked
2022-07-27 00:47:51,429 DEBUG [main] cache:45 - Couldn't find template in cache for "Extent.ftl"("en_US", UTF-8, parsed); will try to load it.
2022-07-27 00:47:51,430 DEBUG [main] cache:45 - TemplateLoader.findTemplateSource("Extent_en_US.ftl"): Not found
2022-07-27 00:47:51,431 DEBUG [main] cache:45 - TemplateLoader.findTemplateSource("Extent_en.ftl"): Not found
2022-07-27 00:47:51,434 DEBUG [main] cache:45 - TemplateLoader.findTemplateSource("Extent.ftl"): Found
2022-07-27 00:47:51,436 DEBUG [main] cache:45 - Loading template for "Extent.ftl"("en_US", UTF-8, parsed) from "jar:file:/C:/Users/anilc/.m2/repository/com/relevantcodes/extentreports/2.41.2/extentreports-2.41.2.jar!/com/relevantcodes/extentreports/view/Extent.ftl"
2022-07-27 00:47:57,113 DEBUG [main] cache:45 - Couldn't find template in cache for "Extent.ftl"("en_US", UTF-8, parsed); will try to load it.
2022-07-27 00:47:57,114 DEBUG [main] cache:45 - TemplateLoader.findTemplateSource("Extent_en_US.ftl"): Not found
2022-07-27 00:47:57,115 DEBUG [main] cache:45 - TemplateLoader.findTemplateSource("Extent_en.ftl"): Not found
2022-07-27 00:47:57,117 DEBUG [main] cache:45 - TemplateLoader.findTemplateSource("Extent.ftl"): Found
2022-07-27 00:47:57,117 DEBUG [main] cache:45 - Loading template for "Extent.ftl"("en_US", UTF-8, parsed) from "jar:file:/C:/Users/anilc/.m2/repository/com/relevantcodes/extentreports/2.41.2/extentreports-2.41.2.jar!/com/relevantcodes/extentreports/view/Extent.ftl"
2022-07-27 00:48:02,116 DEBUG [main] cache:45 - Couldn't find template in cache for "Extent.ftl"("en_US", UTF-8, parsed); will try to load it.
2022-07-27 00:48:02,116 DEBUG [main] cache:45 - TemplateLoader.findTemplateSource("Extent_en_US.ftl"): Not found
2022-07-27 00:48:02,117 DEBUG [main] cache:45 - TemplateLoader.findTemplateSource("Extent_en.ftl"): Not found
2022-07-27 00:48:02,118 DEBUG [main] cache:45 - TemplateLoader.findTemplateSource("Extent.ftl"): Found
2022-07-27 00:48:02,118 DEBUG [main] cache:45 - Loading template for "Extent.ftl"("en_US", UTF-8, parsed) from "jar:file:/C:/Users/anilc/.m2/repository/com/relevantcodes/extentreports/2.41.2/extentreports-2.41.2.jar!/com/relevantcodes/extentreports/view/Extent.ftl"
2022-07-27 00:48:07,566 DEBUG [main] cache:45 - Couldn't find template in cache for "Extent.ftl"("en_US", UTF-8, parsed); will try to load it.
2022-07-27 00:48:07,567 DEBUG [main] cache:45 - TemplateLoader.findTemplateSource("Extent_en_US.ftl"): Not found
2022-07-27 00:48:07,567 DEBUG [main] cache:45 - TemplateLoader.findTemplateSource("Extent_en.ftl"): Not found
2022-07-27 00:48:07,568 DEBUG [main] cache:45 - TemplateLoader.findTemplateSource("Extent.ftl"): Found
2022-07-27 00:48:07,568 DEBUG [main] cache:45 - Loading template for "Extent.ftl"("en_US", UTF-8, parsed) from "jar:file:/C:/Users/anilc/.m2/repository/com/relevantcodes/extentreports/2.41.2/extentreports-2.41.2.jar!/com/relevantcodes/extentreports/view/Extent.ftl"
2022-07-27 00:50:42,159  INFO [main] ibibopage:277 - Start and/or Return Date selected
2022-07-27 00:50:42,548  INFO [main] ibibopage:293 - Passenger and class selected
2022-07-27 00:50:44,402  INFO [main] ibibopage:262 - Search Flight Button is clicked
2022-07-27 00:50:49,755 DEBUG [main] cache:45 - Couldn't find template in cache for "Extent.ftl"("en_US", UTF-8, parsed); will try to load it.
2022-07-27 00:50:49,756 DEBUG [main] cache:45 - TemplateLoader.findTemplateSource("Extent_en_US.ftl"): Not found
2022-07-27 00:50:49,757 DEBUG [main] cache:45 - TemplateLoader.findTemplateSource("Extent_en.ftl"): Not found
2022-07-27 00:50:49,759 DEBUG [main] cache:45 - TemplateLoader.findTemplateSource("Extent.ftl"): Found
2022-07-27 00:50:49,759 DEBUG [main] cache:45 - Loading template for "Extent.ftl"("en_US", UTF-8, parsed) from "jar:file:/C:/Users/anilc/.m2/repository/com/relevantcodes/extentreports/2.41.2/extentreports-2.41.2.jar!/com/relevantcodes/extentreports/view/Extent.ftl"
2022-07-27 01:14:54,418  INFO [main] ibibopage:277 - Start and/or Return Date selected
2022-07-27 01:14:54,888  INFO [main] ibibopage:293 - Passenger and class selected
2022-07-27 01:14:56,194  INFO [main] ibibopage:262 - Search Flight Button is clicked
2022-07-27 01:15:02,867 DEBUG [main] cache:45 - Couldn't find template in cache for "Extent.ftl"("en_US", UTF-8, parsed); will try to load it.
2022-07-27 01:15:02,869 DEBUG [main] cache:45 - TemplateLoader.findTemplateSource("Extent_en_US.ftl"): Not found
2022-07-27 01:15:02,870 DEBUG [main] cache:45 - TemplateLoader.findTemplateSource("Extent_en.ftl"): Not found
2022-07-27 01:15:02,871 DEBUG [main] cache:45 - TemplateLoader.findTemplateSource("Extent.ftl"): Found
2022-07-27 01:15:02,872 DEBUG [main] cache:45 - Loading template for "Extent.ftl"("en_US", UTF-8, parsed) from "jar:file:/C:/Users/anilc/.m2/repository/com/relevantcodes/extentreports/2.41.2/extentreports-2.41.2.jar!/com/relevantcodes/extentreports/view/Extent.ftl"
2022-07-27 01:15:08,121  INFO [main] ibibopage:277 - Start and/or Return Date selected
2022-07-27 01:15:08,499  INFO [main] ibibopage:293 - Passenger and class selected
2022-07-27 01:15:09,724  INFO [main] ibibopage:262 - Search Flight Button is clicked
2022-07-27 01:15:16,112 DEBUG [main] cache:45 - Couldn't find template in cache for "Extent.ftl"("en_US", UTF-8, parsed); will try to load it.
2022-07-27 01:15:16,113 DEBUG [main] cache:45 - TemplateLoader.findTemplateSource("Extent_en_US.ftl"): Not found
2022-07-27 01:15:16,114 DEBUG [main] cache:45 - TemplateLoader.findTemplateSource("Extent_en.ftl"): Not found
2022-07-27 01:15:16,116 DEBUG [main] cache:45 - TemplateLoader.findTemplateSource("Extent.ftl"): Found
2022-07-27 01:15:16,116 DEBUG [main] cache:45 - Loading template for "Extent.ftl"("en_US", UTF-8, parsed) from "jar:file:/C:/Users/anilc/.m2/repository/com/relevantcodes/extentreports/2.41.2/extentreports-2.41.2.jar!/com/relevantcodes/extentreports/view/Extent.ftl"
2022-07-27 01:15:21,028  INFO [main] ibibopage:277 - Start and/or Return Date selected
2022-07-27 01:15:21,897  INFO [main] ibibopage:293 - Passenger and class selected
2022-07-27 01:15:23,188  INFO [main] ibibopage:262 - Search Flight Button is clicked
2022-07-27 01:15:29,238 DEBUG [main] cache:45 - Couldn't find template in cache for "Extent.ftl"("en_US", UTF-8, parsed); will try to load it.
2022-07-27 01:15:29,238 DEBUG [main] cache:45 - TemplateLoader.findTemplateSource("Extent_en_US.ftl"): Not found
2022-07-27 01:15:29,239 DEBUG [main] cache:45 - TemplateLoader.findTemplateSource("Extent_en.ftl"): Not found
2022-07-27 01:15:29,240 DEBUG [main] cache:45 - TemplateLoader.findTemplateSource("Extent.ftl"): Found
2022-07-27 01:15:29,240 DEBUG [main] cache:45 - Loading template for "Extent.ftl"("en_US", UTF-8, parsed) from "jar:file:/C:/Users/anilc/.m2/repository/com/relevantcodes/extentreports/2.41.2/extentreports-2.41.2.jar!/com/relevantcodes/extentreports/view/Extent.ftl"
2022-07-27 01:15:35,198  INFO [main] ibibopage:277 - Start and/or Return Date selected
2022-07-27 01:15:36,026  INFO [main] ibibopage:293 - Passenger and class selected
2022-07-27 01:15:37,247  INFO [main] ibibopage:262 - Search Flight Button is clicked
2022-07-27 01:15:43,349 DEBUG [main] cache:45 - Couldn't find template in cache for "Extent.ftl"("en_US", UTF-8, parsed); will try to load it.
2022-07-27 01:15:43,350 DEBUG [main] cache:45 - TemplateLoader.findTemplateSource("Extent_en_US.ftl"): Not found
2022-07-27 01:15:43,350 DEBUG [main] cache:45 - TemplateLoader.findTemplateSource("Extent_en.ftl"): Not found
2022-07-27 01:15:43,351 DEBUG [main] cache:45 - TemplateLoader.findTemplateSource("Extent.ftl"): Found
2022-07-27 01:15:43,352 DEBUG [main] cache:45 - Loading template for "Extent.ftl"("en_US", UTF-8, parsed) from "jar:file:/C:/Users/anilc/.m2/repository/com/relevantcodes/extentreports/2.41.2/extentreports-2.41.2.jar!/com/relevantcodes/extentreports/view/Extent.ftl"
2022-07-27 09:52:52,543  INFO [main] ibibopage:279 - Start and/or Return Date selected
2022-07-27 09:52:52,975  INFO [main] ibibopage:295 - Passenger and class selected
2022-07-27 09:52:54,194  INFO [main] ibibopage:264 - Search Flight Button is clicked
2022-07-27 09:53:03,489 DEBUG [main] cache:45 - Couldn't find template in cache for "Extent.ftl"("en_US", UTF-8, parsed); will try to load it.
2022-07-27 09:53:03,491 DEBUG [main] cache:45 - TemplateLoader.findTemplateSource("Extent_en_US.ftl"): Not found
2022-07-27 09:53:03,493 DEBUG [main] cache:45 - TemplateLoader.findTemplateSource("Extent_en.ftl"): Not found
2022-07-27 09:53:03,497 DEBUG [main] cache:45 - TemplateLoader.findTemplateSource("Extent.ftl"): Found
2022-07-27 09:53:03,497 DEBUG [main] cache:45 - Loading template for "Extent.ftl"("en_US", UTF-8, parsed) from "jar:file:/C:/Users/anilc/.m2/repository/com/relevantcodes/extentreports/2.41.2/extentreports-2.41.2.jar!/com/relevantcodes/extentreports/view/Extent.ftl"
2022-07-27 09:54:08,663 DEBUG [main] cache:45 - Couldn't find template in cache for "Extent.ftl"("en_US", UTF-8, parsed); will try to load it.
2022-07-27 09:54:08,679 DEBUG [main] cache:45 - TemplateLoader.findTemplateSource("Extent_en_US.ftl"): Not found
2022-07-27 09:54:08,694 DEBUG [main] cache:45 - TemplateLoader.findTemplateSource("Extent_en.ftl"): Not found
2022-07-27 09:54:08,711 DEBUG [main] cache:45 - TemplateLoader.findTemplateSource("Extent.ftl"): Found
2022-07-27 09:54:08,719 DEBUG [main] cache:45 - Loading template for "Extent.ftl"("en_US", UTF-8, parsed) from "jar:file:/C:/Users/anilc/.m2/repository/com/relevantcodes/extentreports/2.41.2/extentreports-2.41.2.jar!/com/relevantcodes/extentreports/view/Extent.ftl"
2022-07-27 10:03:25,627  INFO [main] ibibopage:279 - Start and/or Return Date selected
2022-07-27 10:03:26,040  INFO [main] ibibopage:295 - Passenger and class selected
2022-07-27 10:03:27,811  INFO [main] ibibopage:264 - Search Flight Button is clicked
2022-07-27 10:03:37,108 DEBUG [main] cache:45 - Couldn't find template in cache for "Extent.ftl"("en_US", UTF-8, parsed); will try to load it.
2022-07-27 10:03:37,109 DEBUG [main] cache:45 - TemplateLoader.findTemplateSource("Extent_en_US.ftl"): Not found
2022-07-27 10:03:37,111 DEBUG [main] cache:45 - TemplateLoader.findTemplateSource("Extent_en.ftl"): Not found
2022-07-27 10:03:37,112 DEBUG [main] cache:45 - TemplateLoader.findTemplateSource("Extent.ftl"): Found
2022-07-27 10:03:37,113 DEBUG [main] cache:45 - Loading template for "Extent.ftl"("en_US", UTF-8, parsed) from "jar:file:/C:/Users/anilc/.m2/repository/com/relevantcodes/extentreports/2.41.2/extentreports-2.41.2.jar!/com/relevantcodes/extentreports/view/Extent.ftl"
2022-07-27 10:05:35,160  INFO [main] ibibopage:279 - Start and/or Return Date selected
2022-07-27 10:05:38,464  INFO [main] ibibopage:295 - Passenger and class selected
2022-07-27 10:05:53,351  INFO [main] ibibopage:264 - Search Flight Button is clicked
2022-07-27 10:07:09,088  INFO [main] ibibopage:279 - Start and/or Return Date selected
2022-07-27 10:07:09,527  INFO [main] ibibopage:295 - Passenger and class selected
2022-07-27 10:07:11,573  INFO [main] ibibopage:264 - Search Flight Button is clicked
2022-07-27 10:07:20,901 DEBUG [main] cache:45 - Couldn't find template in cache for "Extent.ftl"("en_US", UTF-8, parsed); will try to load it.
2022-07-27 10:07:20,903 DEBUG [main] cache:45 - TemplateLoader.findTemplateSource("Extent_en_US.ftl"): Not found
2022-07-27 10:07:20,904 DEBUG [main] cache:45 - TemplateLoader.findTemplateSource("Extent_en.ftl"): Not found
2022-07-27 10:07:20,907 DEBUG [main] cache:45 - TemplateLoader.findTemplateSource("Extent.ftl"): Found
2022-07-27 10:07:20,908 DEBUG [main] cache:45 - Loading template for "Extent.ftl"("en_US", UTF-8, parsed) from "jar:file:/C:/Users/anilc/.m2/repository/com/relevantcodes/extentreports/2.41.2/extentreports-2.41.2.jar!/com/relevantcodes/extentreports/view/Extent.ftl"
2022-07-27 10:07:27,381  INFO [main] ibibopage:279 - Start and/or Return Date selected
2022-07-27 10:07:27,845  INFO [main] ibibopage:295 - Passenger and class selected
2022-07-27 10:07:29,842  INFO [main] ibibopage:264 - Search Flight Button is clicked
2022-07-27 10:07:36,002 DEBUG [main] cache:45 - Couldn't find template in cache for "Extent.ftl"("en_US", UTF-8, parsed); will try to load it.
2022-07-27 10:07:36,003 DEBUG [main] cache:45 - TemplateLoader.findTemplateSource("Extent_en_US.ftl"): Not found
2022-07-27 10:07:36,004 DEBUG [main] cache:45 - TemplateLoader.findTemplateSource("Extent_en.ftl"): Not found
2022-07-27 10:07:36,006 DEBUG [main] cache:45 - TemplateLoader.findTemplateSource("Extent.ftl"): Found
2022-07-27 10:07:36,006 DEBUG [main] cache:45 - Loading template for "Extent.ftl"("en_US", UTF-8, parsed) from "jar:file:/C:/Users/anilc/.m2/repository/com/relevantcodes/extentreports/2.41.2/extentreports-2.41.2.jar!/com/relevantcodes/extentreports/view/Extent.ftl"
2022-07-27 10:07:41,225  INFO [main] ibibopage:279 - Start and/or Return Date selected
2022-07-27 10:07:42,050  INFO [main] ibibopage:295 - Passenger and class selected
2022-07-27 10:07:44,384  INFO [main] ibibopage:264 - Search Flight Button is clicked
2022-07-27 10:07:49,678 DEBUG [main] cache:45 - Couldn't find template in cache for "Extent.ftl"("en_US", UTF-8, parsed); will try to load it.
2022-07-27 10:07:49,679 DEBUG [main] cache:45 - TemplateLoader.findTemplateSource("Extent_en_US.ftl"): Not found
2022-07-27 10:07:49,681 DEBUG [main] cache:45 - TemplateLoader.findTemplateSource("Extent_en.ftl"): Not found
2022-07-27 10:07:49,683 DEBUG [main] cache:45 - TemplateLoader.findTemplateSource("Extent.ftl"): Found
2022-07-27 10:07:49,683 DEBUG [main] cache:45 - Loading template for "Extent.ftl"("en_US", UTF-8, parsed) from "jar:file:/C:/Users/anilc/.m2/repository/com/relevantcodes/extentreports/2.41.2/extentreports-2.41.2.jar!/com/relevantcodes/extentreports/view/Extent.ftl"
2022-07-27 10:07:56,012  INFO [main] ibibopage:279 - Start and/or Return Date selected
2022-07-27 10:07:57,050  INFO [main] ibibopage:295 - Passenger and class selected
2022-07-27 10:07:59,363  INFO [main] ibibopage:264 - Search Flight Button is clicked
2022-07-27 10:08:05,547 DEBUG [main] cache:45 - Couldn't find template in cache for "Extent.ftl"("en_US", UTF-8, parsed); will try to load it.
2022-07-27 10:08:05,547 DEBUG [main] cache:45 - TemplateLoader.findTemplateSource("Extent_en_US.ftl"): Not found
2022-07-27 10:08:05,548 DEBUG [main] cache:45 - TemplateLoader.findTemplateSource("Extent_en.ftl"): Not found
2022-07-27 10:08:05,548 DEBUG [main] cache:45 - TemplateLoader.findTemplateSource("Extent.ftl"): Found
2022-07-27 10:08:05,549 DEBUG [main] cache:45 - Loading template for "Extent.ftl"("en_US", UTF-8, parsed) from "jar:file:/C:/Users/anilc/.m2/repository/com/relevantcodes/extentreports/2.41.2/extentreports-2.41.2.jar!/com/relevantcodes/extentreports/view/Extent.ftl"
2022-08-03 14:28:11,715  INFO [main] ibibopage:160 - Start and/or Return Date selected
2022-08-03 14:28:11,973  INFO [main] ibibopage:176 - Passenger and class selected
2022-08-03 14:28:13,145  INFO [main] ibibopage:145 - Search Flight Button is clicked
2022-08-03 14:28:22,409 DEBUG [main] cache:45 - Couldn't find template in cache for "Extent.ftl"("en_US", UTF-8, parsed); will try to load it.
2022-08-03 14:28:22,410 DEBUG [main] cache:45 - TemplateLoader.findTemplateSource("Extent_en_US.ftl"): Not found
2022-08-03 14:28:22,411 DEBUG [main] cache:45 - TemplateLoader.findTemplateSource("Extent_en.ftl"): Not found
2022-08-03 14:28:22,414 DEBUG [main] cache:45 - TemplateLoader.findTemplateSource("Extent.ftl"): Found
2022-08-03 14:28:22,414 DEBUG [main] cache:45 - Loading template for "Extent.ftl"("en_US", UTF-8, parsed) from "jar:file:/C:/Users/anilc/.m2/repository/com/relevantcodes/extentreports/2.41.2/extentreports-2.41.2.jar!/com/relevantcodes/extentreports/view/Extent.ftl"
2022-08-03 14:28:27,070  INFO [main] ibibopage:160 - Start and/or Return Date selected
2022-08-03 14:28:27,689  INFO [main] ibibopage:176 - Passenger and class selected
2022-08-03 14:28:29,156  INFO [main] ibibopage:145 - Search Flight Button is clicked
2022-08-03 14:28:38,409 DEBUG [main] cache:45 - Couldn't find template in cache for "Extent.ftl"("en_US", UTF-8, parsed); will try to load it.
2022-08-03 14:28:38,410 DEBUG [main] cache:45 - TemplateLoader.findTemplateSource("Extent_en_US.ftl"): Not found
2022-08-03 14:28:38,411 DEBUG [main] cache:45 - TemplateLoader.findTemplateSource("Extent_en.ftl"): Not found
2022-08-03 14:28:38,413 DEBUG [main] cache:45 - TemplateLoader.findTemplateSource("Extent.ftl"): Found
2022-08-03 14:28:38,413 DEBUG [main] cache:45 - Loading template for "Extent.ftl"("en_US", UTF-8, parsed) from "jar:file:/C:/Users/anilc/.m2/repository/com/relevantcodes/extentreports/2.41.2/extentreports-2.41.2.jar!/com/relevantcodes/extentreports/view/Extent.ftl"
2022-08-03 14:28:43,533  INFO [main] ibibopage:160 - Start and/or Return Date selected
2022-08-03 14:28:44,113  INFO [main] ibibopage:176 - Passenger and class selected
2022-08-03 14:28:45,721  INFO [main] ibibopage:145 - Search Flight Button is clicked
2022-08-03 14:28:54,949 DEBUG [main] cache:45 - Couldn't find template in cache for "Extent.ftl"("en_US", UTF-8, parsed); will try to load it.
2022-08-03 14:28:54,950 DEBUG [main] cache:45 - TemplateLoader.findTemplateSource("Extent_en_US.ftl"): Not found
2022-08-03 14:28:54,950 DEBUG [main] cache:45 - TemplateLoader.findTemplateSource("Extent_en.ftl"): Not found
2022-08-03 14:28:54,950 DEBUG [main] cache:45 - TemplateLoader.findTemplateSource("Extent.ftl"): Found
2022-08-03 14:28:54,950 DEBUG [main] cache:45 - Loading template for "Extent.ftl"("en_US", UTF-8, parsed) from "jar:file:/C:/Users/anilc/.m2/repository/com/relevantcodes/extentreports/2.41.2/extentreports-2.41.2.jar!/com/relevantcodes/extentreports/view/Extent.ftl"
2022-08-03 14:44:02,747  INFO [main] ibibopage:160 - Start and/or Return Date selected
2022-08-03 14:44:03,358  INFO [main] ibibopage:176 - Passenger and class selected
2022-08-03 14:44:04,962  INFO [main] ibibopage:145 - Search Flight Button is clicked
2022-08-03 14:48:43,980 DEBUG [main] cache:45 - Couldn't find template in cache for "Extent.ftl"("en_US", UTF-8, parsed); will try to load it.
2022-08-03 14:48:43,985 DEBUG [main] cache:45 - TemplateLoader.findTemplateSource("Extent_en_US.ftl"): Not found
2022-08-03 14:48:43,986 DEBUG [main] cache:45 - TemplateLoader.findTemplateSource("Extent_en.ftl"): Not found
2022-08-03 14:48:43,988 DEBUG [main] cache:45 - TemplateLoader.findTemplateSource("Extent.ftl"): Found
2022-08-03 14:48:43,988 DEBUG [main] cache:45 - Loading template for "Extent.ftl"("en_US", UTF-8, parsed) from "jar:file:/C:/Users/anilc/.m2/repository/com/relevantcodes/extentreports/2.41.2/extentreports-2.41.2.jar!/com/relevantcodes/extentreports/view/Extent.ftl"
2022-08-03 14:48:49,158  INFO [main] ibibopage:160 - Start and/or Return Date selected
2022-08-03 14:48:49,400  INFO [main] ibibopage:176 - Passenger and class selected
2022-08-03 14:48:50,770  INFO [main] ibibopage:145 - Search Flight Button is clicked
2022-08-03 14:48:59,997 DEBUG [main] cache:45 - Couldn't find template in cache for "Extent.ftl"("en_US", UTF-8, parsed); will try to load it.
2022-08-03 14:48:59,998 DEBUG [main] cache:45 - TemplateLoader.findTemplateSource("Extent_en_US.ftl"): Not found
2022-08-03 14:48:59,998 DEBUG [main] cache:45 - TemplateLoader.findTemplateSource("Extent_en.ftl"): Not found
2022-08-03 14:48:59,998 DEBUG [main] cache:45 - TemplateLoader.findTemplateSource("Extent.ftl"): Found
2022-08-03 14:48:59,998 DEBUG [main] cache:45 - Loading template for "Extent.ftl"("en_US", UTF-8, parsed) from "jar:file:/C:/Users/anilc/.m2/repository/com/relevantcodes/extentreports/2.41.2/extentreports-2.41.2.jar!/com/relevantcodes/extentreports/view/Extent.ftl"
2022-08-03 14:49:05,763  INFO [main] ibibopage:160 - Start and/or Return Date selected
2022-08-03 14:49:06,433  INFO [main] ibibopage:176 - Passenger and class selected
2022-08-03 14:49:07,814  INFO [main] ibibopage:145 - Search Flight Button is clicked
2022-08-03 14:49:13,625 DEBUG [main] cache:45 - Couldn't find template in cache for "Extent.ftl"("en_US", UTF-8, parsed); will try to load it.
2022-08-03 14:49:13,626 DEBUG [main] cache:45 - TemplateLoader.findTemplateSource("Extent_en_US.ftl"): Not found
2022-08-03 14:49:13,626 DEBUG [main] cache:45 - TemplateLoader.findTemplateSource("Extent_en.ftl"): Not found
2022-08-03 14:49:13,627 DEBUG [main] cache:45 - TemplateLoader.findTemplateSource("Extent.ftl"): Found
2022-08-03 14:49:13,627 DEBUG [main] cache:45 - Loading template for "Extent.ftl"("en_US", UTF-8, parsed) from "jar:file:/C:/Users/anilc/.m2/repository/com/relevantcodes/extentreports/2.41.2/extentreports-2.41.2.jar!/com/relevantcodes/extentreports/view/Extent.ftl"
2022-08-03 14:49:18,462  INFO [main] ibibopage:160 - Start and/or Return Date selected
2022-08-03 14:49:19,104  INFO [main] ibibopage:176 - Passenger and class selected
2022-08-03 14:49:20,590  INFO [main] ibibopage:145 - Search Flight Button is clicked
2022-08-03 14:49:29,800 DEBUG [main] cache:45 - Couldn't find template in cache for "Extent.ftl"("en_US", UTF-8, parsed); will try to load it.
2022-08-03 14:49:29,801 DEBUG [main] cache:45 - TemplateLoader.findTemplateSource("Extent_en_US.ftl"): Not found
2022-08-03 14:49:29,801 DEBUG [main] cache:45 - TemplateLoader.findTemplateSource("Extent_en.ftl"): Not found
2022-08-03 14:49:29,801 DEBUG [main] cache:45 - TemplateLoader.findTemplateSource("Extent.ftl"): Found
2022-08-03 14:49:29,801 DEBUG [main] cache:45 - Loading template for "Extent.ftl"("en_US", UTF-8, parsed) from "jar:file:/C:/Users/anilc/.m2/repository/com/relevantcodes/extentreports/2.41.2/extentreports-2.41.2.jar!/com/relevantcodes/extentreports/view/Extent.ftl"
2022-08-03 14:52:13,011  INFO [main] ibibopage:160 - Start and/or Return Date selected
2022-08-03 14:52:13,257  INFO [main] ibibopage:176 - Passenger and class selected
2022-08-03 14:52:14,890  INFO [main] ibibopage:145 - Search Flight Button is clicked
2022-08-03 14:52:24,115 DEBUG [main] cache:45 - Couldn't find template in cache for "Extent.ftl"("en_US", UTF-8, parsed); will try to load it.
2022-08-03 14:52:24,116 DEBUG [main] cache:45 - TemplateLoader.findTemplateSource("Extent_en_US.ftl"): Not found
2022-08-03 14:52:24,117 DEBUG [main] cache:45 - TemplateLoader.findTemplateSource("Extent_en.ftl"): Not found
2022-08-03 14:52:24,118 DEBUG [main] cache:45 - TemplateLoader.findTemplateSource("Extent.ftl"): Found
2022-08-03 14:52:24,118 DEBUG [main] cache:45 - Loading template for "Extent.ftl"("en_US", UTF-8, parsed) from "jar:file:/C:/Users/anilc/.m2/repository/com/relevantcodes/extentreports/2.41.2/extentreports-2.41.2.jar!/com/relevantcodes/extentreports/view/Extent.ftl"
2022-08-03 14:52:29,392  INFO [main] ibibopage:160 - Start and/or Return Date selected
2022-08-03 14:52:29,616  INFO [main] ibibopage:176 - Passenger and class selected
2022-08-03 14:52:31,304  INFO [main] ibibopage:145 - Search Flight Button is clicked
2022-08-03 14:52:40,520 DEBUG [main] cache:45 - Couldn't find template in cache for "Extent.ftl"("en_US", UTF-8, parsed); will try to load it.
2022-08-03 14:52:40,520 DEBUG [main] cache:45 - TemplateLoader.findTemplateSource("Extent_en_US.ftl"): Not found
2022-08-03 14:52:40,521 DEBUG [main] cache:45 - TemplateLoader.findTemplateSource("Extent_en.ftl"): Not found
2022-08-03 14:52:40,521 DEBUG [main] cache:45 - TemplateLoader.findTemplateSource("Extent.ftl"): Found
2022-08-03 14:52:40,521 DEBUG [main] cache:45 - Loading template for "Extent.ftl"("en_US", UTF-8, parsed) from "jar:file:/C:/Users/anilc/.m2/repository/com/relevantcodes/extentreports/2.41.2/extentreports-2.41.2.jar!/com/relevantcodes/extentreports/view/Extent.ftl"
2022-08-03 14:52:45,765 DEBUG [main] cache:45 - Couldn't find template in cache for "Extent.ftl"("en_US", UTF-8, parsed); will try to load it.
2022-08-03 14:52:45,766 DEBUG [main] cache:45 - TemplateLoader.findTemplateSource("Extent_en_US.ftl"): Not found
2022-08-03 14:52:45,766 DEBUG [main] cache:45 - TemplateLoader.findTemplateSource("Extent_en.ftl"): Not found
2022-08-03 14:52:45,766 DEBUG [main] cache:45 - TemplateLoader.findTemplateSource("Extent.ftl"): Found
2022-08-03 14:52:45,767 DEBUG [main] cache:45 - Loading template for "Extent.ftl"("en_US", UTF-8, parsed) from "jar:file:/C:/Users/anilc/.m2/repository/com/relevantcodes/extentreports/2.41.2/extentreports-2.41.2.jar!/com/relevantcodes/extentreports/view/Extent.ftl"
2022-08-03 14:52:53,460 DEBUG [main] cache:45 - Couldn't find template in cache for "Extent.ftl"("en_US", UTF-8, parsed); will try to load it.
2022-08-03 14:52:53,461 DEBUG [main] cache:45 - TemplateLoader.findTemplateSource("Extent_en_US.ftl"): Not found
2022-08-03 14:52:53,461 DEBUG [main] cache:45 - TemplateLoader.findTemplateSource("Extent_en.ftl"): Not found
2022-08-03 14:52:53,462 DEBUG [main] cache:45 - TemplateLoader.findTemplateSource("Extent.ftl"): Found
2022-08-03 14:52:53,462 DEBUG [main] cache:45 - Loading template for "Extent.ftl"("en_US", UTF-8, parsed) from "jar:file:/C:/Users/anilc/.m2/repository/com/relevantcodes/extentreports/2.41.2/extentreports-2.41.2.jar!/com/relevantcodes/extentreports/view/Extent.ftl"
2022-08-03 14:53:52,915  INFO [main] ibibopage:160 - Start and/or Return Date selected
2022-08-03 14:53:53,169  INFO [main] ibibopage:176 - Passenger and class selected
2022-08-03 14:53:54,876  INFO [main] ibibopage:145 - Search Flight Button is clicked
2022-08-03 14:54:04,115 DEBUG [main] cache:45 - Couldn't find template in cache for "Extent.ftl"("en_US", UTF-8, parsed); will try to load it.
2022-08-03 14:54:04,116 DEBUG [main] cache:45 - TemplateLoader.findTemplateSource("Extent_en_US.ftl"): Not found
2022-08-03 14:54:04,117 DEBUG [main] cache:45 - TemplateLoader.findTemplateSource("Extent_en.ftl"): Not found
2022-08-03 14:54:04,119 DEBUG [main] cache:45 - TemplateLoader.findTemplateSource("Extent.ftl"): Found
2022-08-03 14:54:04,119 DEBUG [main] cache:45 - Loading template for "Extent.ftl"("en_US", UTF-8, parsed) from "jar:file:/C:/Users/anilc/.m2/repository/com/relevantcodes/extentreports/2.41.2/extentreports-2.41.2.jar!/com/relevantcodes/extentreports/view/Extent.ftl"
2022-08-03 14:54:09,473  INFO [main] ibibopage:160 - Start and/or Return Date selected
2022-08-03 14:54:09,719  INFO [main] ibibopage:176 - Passenger and class selected
2022-08-03 14:54:11,226  INFO [main] ibibopage:145 - Search Flight Button is clicked
2022-08-03 14:54:20,468 DEBUG [main] cache:45 - Couldn't find template in cache for "Extent.ftl"("en_US", UTF-8, parsed); will try to load it.
2022-08-03 14:54:20,468 DEBUG [main] cache:45 - TemplateLoader.findTemplateSource("Extent_en_US.ftl"): Not found
2022-08-03 14:54:20,469 DEBUG [main] cache:45 - TemplateLoader.findTemplateSource("Extent_en.ftl"): Not found
2022-08-03 14:54:20,469 DEBUG [main] cache:45 - TemplateLoader.findTemplateSource("Extent.ftl"): Found
2022-08-03 14:54:20,469 DEBUG [main] cache:45 - Loading template for "Extent.ftl"("en_US", UTF-8, parsed) from "jar:file:/C:/Users/anilc/.m2/repository/com/relevantcodes/extentreports/2.41.2/extentreports-2.41.2.jar!/com/relevantcodes/extentreports/view/Extent.ftl"
2022-08-03 14:54:26,310  INFO [main] ibibopage:160 - Start and/or Return Date selected
2022-08-03 14:54:26,951  INFO [main] ibibopage:176 - Passenger and class selected
2022-08-03 14:54:28,407  INFO [main] ibibopage:145 - Search Flight Button is clicked
2022-08-03 14:54:37,622 DEBUG [main] cache:45 - Couldn't find template in cache for "Extent.ftl"("en_US", UTF-8, parsed); will try to load it.
2022-08-03 14:54:37,622 DEBUG [main] cache:45 - TemplateLoader.findTemplateSource("Extent_en_US.ftl"): Not found
2022-08-03 14:54:37,623 DEBUG [main] cache:45 - TemplateLoader.findTemplateSource("Extent_en.ftl"): Not found
2022-08-03 14:54:37,623 DEBUG [main] cache:45 - TemplateLoader.findTemplateSource("Extent.ftl"): Found
2022-08-03 14:54:37,623 DEBUG [main] cache:45 - Loading template for "Extent.ftl"("en_US", UTF-8, parsed) from "jar:file:/C:/Users/anilc/.m2/repository/com/relevantcodes/extentreports/2.41.2/extentreports-2.41.2.jar!/com/relevantcodes/extentreports/view/Extent.ftl"
2022-08-03 14:54:42,296  INFO [main] ibibopage:160 - Start and/or Return Date selected
2022-08-03 14:54:42,903  INFO [main] ibibopage:176 - Passenger and class selected
2022-08-03 14:54:44,032  INFO [main] ibibopage:145 - Search Flight Button is clicked
2022-08-03 14:54:53,247 DEBUG [main] cache:45 - Couldn't find template in cache for "Extent.ftl"("en_US", UTF-8, parsed); will try to load it.
2022-08-03 14:54:53,248 DEBUG [main] cache:45 - TemplateLoader.findTemplateSource("Extent_en_US.ftl"): Not found
2022-08-03 14:54:53,249 DEBUG [main] cache:45 - TemplateLoader.findTemplateSource("Extent_en.ftl"): Not found
2022-08-03 14:54:53,249 DEBUG [main] cache:45 - TemplateLoader.findTemplateSource("Extent.ftl"): Found
2022-08-03 14:54:53,250 DEBUG [main] cache:45 - Loading template for "Extent.ftl"("en_US", UTF-8, parsed) from "jar:file:/C:/Users/anilc/.m2/repository/com/relevantcodes/extentreports/2.41.2/extentreports-2.41.2.jar!/com/relevantcodes/extentreports/view/Extent.ftl"
